<?xml version="1.0" encoding="UTF-8"?>
<!-- Generated by org.testng.reporters.JUnitReportReporter -->
<testsuite hostname="Defra-8VB2XZ2" failures="0" tests="1" name="TestCases" time="0.010" errors="0" timestamp="2024-01-24T10:39:35 GMT" skipped="0">
  <testcase classname="TestCases" name="test1" time="0.010"/>
  <system-out/>
</testsuite> <!-- TestCases -->
